# JRE version: OpenJDK Runtime Environment (11.0.9.1+1) (build 11.0.9.1+1-post-Raspbian-1deb10u2)
# Java VM: OpenJDK Server VM (11.0.9.1+1-post-Raspbian-1deb10u2, mixed mode, g1 gc, linux-)
Heap:
 garbage-first heap   total 61440K, used 29368K [0x77c00000, 0xb3a00000)
  region size 1024K, 10 young (10240K), 3 survivors (3072K)
 Metaspace       used 19549K, capacity 20057K, committed 20096K, reserved 20784K
GC Heap History (12 events):
Event: 1,345 GC heap before
{Heap before GC invocations=0 (full 0):
 garbage-first heap   total 61440K, used 14336K [0x77c00000, 0xb3a00000)
  region size 1024K, 14 young (14336K), 0 survivors (0K)
 Metaspace       used 5652K, capacity 5765K, committed 5784K, reserved 6448K
}
Event: 1,355 GC heap after
{Heap after GC invocations=1 (full 0):
 garbage-first heap   total 61440K, used 1769K [0x77c00000, 0xb3a00000)
  region size 1024K, 2 young (2048K), 2 survivors (2048K)
 Metaspace       used 5652K, capacity 5765K, committed 5784K, reserved 6448K
}
Event: 4,228 GC heap before
{Heap before GC invocations=1 (full 0):
 garbage-first heap   total 61440K, used 36585K [0x77c00000, 0xb3a00000)
  region size 1024K, 36 young (36864K), 2 survivors (2048K)
 Metaspace       used 13009K, capacity 13246K, committed 13336K, reserved 13616K
}
Event: 4,248 GC heap after
{Heap after GC invocations=2 (full 0):
 garbage-first heap   total 61440K, used 6625K [0x77c00000, 0xb3a00000)
  region size 1024K, 5 young (5120K), 5 survivors (5120K)
 Metaspace       used 13009K, capacity 13246K, committed 13336K, reserved 13616K
}
Event: 4,340 GC heap before
{Heap before GC invocations=2 (full 0):
 garbage-first heap   total 61440K, used 7649K [0x77c00000, 0xb3a00000)
  region size 1024K, 6 young (6144K), 5 survivors (5120K)
 Metaspace       used 13130K, capacity 13352K, committed 13464K, reserved 13616K
}
Event: 4,355 GC heap after
{Heap after GC invocations=3 (full 0):
 garbage-first heap   total 61440K, used 6948K [0x77c00000, 0xb3a00000)
  region size 1024K, 1 young (1024K), 1 survivors (1024K)
 Metaspace       used 13130K, capacity 13352K, committed 13464K, reserved 13616K
}
Event: 6,096 GC heap before
{Heap before GC invocations=3 (full 0):
 garbage-first heap   total 61440K, used 26404K [0x77c00000, 0xb3a00000)
  region size 1024K, 20 young (20480K), 1 survivors (1024K)
 Metaspace       used 15843K, capacity 16135K, committed 16152K, reserved 16688K
}
Event: 6,103 GC heap after
{Heap after GC invocations=4 (full 0):
 garbage-first heap   total 61440K, used 8280K [0x77c00000, 0xb3a00000)
  region size 1024K, 2 young (2048K), 2 survivors (2048K)
 Metaspace       used 15843K, capacity 16135K, committed 16152K, reserved 16688K
}
Event: 6,214 GC heap before
{Heap before GC invocations=4 (full 0):
 garbage-first heap   total 61440K, used 9304K [0x77c00000, 0xb3a00000)
  region size 1024K, 4 young (4096K), 2 survivors (2048K)
 Metaspace       used 16056K, capacity 16368K, committed 16384K, reserved 16688K
}
Event: 6,222 GC heap after
{Heap after GC invocations=5 (full 0):
 garbage-first heap   total 61440K, used 8584K [0x77c00000, 0xb3a00000)
  region size 1024K, 1 young (1024K), 1 survivors (1024K)
 Metaspace       used 16056K, capacity 16368K, committed 16384K, reserved 16688K
}
Event: 12,991 GC heap before
{Heap before GC invocations=6 (full 0):
 garbage-first heap   total 61440K, used 38280K [0x77c00000, 0xb3a00000)
  region size 1024K, 20 young (20480K), 1 survivors (1024K)
 Metaspace       used 18676K, capacity 19171K, committed 19200K, reserved 19760K
}
Event: 13,007 GC heap after
{Heap after GC invocations=7 (full 0):
 garbage-first heap   total 61440K, used 23224K [0x77c00000, 0xb3a00000)
  region size 1024K, 3 young (3072K), 3 survivors (3072K)
 Metaspace       used 18676K, capacity 19171K, committed 19200K, reserved 19760K
}

