# JRE version: OpenJDK Runtime Environment (11.0.9.1+1) (build 11.0.9.1+1-post-Raspbian-1deb10u2)
# Java VM: OpenJDK Server VM (11.0.9.1+1-post-Raspbian-1deb10u2, mixed mode, g1 gc, linux-)
Heap:
 garbage-first heap   total 61440K, used 31268K [0x77c00000, 0xb3a00000)
  region size 1024K, 13 young (13312K), 4 survivors (4096K)
 Metaspace       used 19652K, capacity 20138K, committed 20224K, reserved 20784K
GC Heap History (10 events):
Event: 1,386 GC heap before
{Heap before GC invocations=0 (full 0):
 garbage-first heap   total 61440K, used 14336K [0x77c00000, 0xb3a00000)
  region size 1024K, 14 young (14336K), 0 survivors (0K)
 Metaspace       used 5653K, capacity 5765K, committed 5784K, reserved 6448K
}
Event: 1,397 GC heap after
{Heap after GC invocations=1 (full 0):
 garbage-first heap   total 61440K, used 1775K [0x77c00000, 0xb3a00000)
  region size 1024K, 2 young (2048K), 2 survivors (2048K)
 Metaspace       used 5653K, capacity 5765K, committed 5784K, reserved 6448K
}
Event: 4,343 GC heap before
{Heap before GC invocations=1 (full 0):
 garbage-first heap   total 61440K, used 36591K [0x77c00000, 0xb3a00000)
  region size 1024K, 36 young (36864K), 2 survivors (2048K)
 Metaspace       used 13012K, capacity 13246K, committed 13336K, reserved 13616K
}
Event: 4,366 GC heap after
{Heap after GC invocations=2 (full 0):
 garbage-first heap   total 61440K, used 6522K [0x77c00000, 0xb3a00000)
  region size 1024K, 5 young (5120K), 5 survivors (5120K)
 Metaspace       used 13012K, capacity 13246K, committed 13336K, reserved 13616K
}
Event: 4,675 GC heap before
{Heap before GC invocations=2 (full 0):
 garbage-first heap   total 61440K, used 10618K [0x77c00000, 0xb3a00000)
  region size 1024K, 9 young (9216K), 5 survivors (5120K)
 Metaspace       used 14066K, capacity 14322K, committed 14360K, reserved 14640K
}
Event: 4,696 GC heap after
{Heap after GC invocations=3 (full 0):
 garbage-first heap   total 61440K, used 6953K [0x77c00000, 0xb3a00000)
  region size 1024K, 1 young (1024K), 1 survivors (1024K)
 Metaspace       used 14066K, capacity 14322K, committed 14360K, reserved 14640K
}
Event: 6,328 GC heap before
{Heap before GC invocations=3 (full 0):
 garbage-first heap   total 61440K, used 23337K [0x77c00000, 0xb3a00000)
  region size 1024K, 19 young (19456K), 1 survivors (1024K)
 Metaspace       used 16056K, capacity 16368K, committed 16384K, reserved 16688K
}
Event: 6,341 GC heap after
{Heap after GC invocations=4 (full 0):
 garbage-first heap   total 61440K, used 8373K [0x77c00000, 0xb3a00000)
  region size 1024K, 2 young (2048K), 2 survivors (2048K)
 Metaspace       used 16056K, capacity 16368K, committed 16384K, reserved 16688K
}
Event: 19,346 GC heap before
{Heap before GC invocations=5 (full 0):
 garbage-first heap   total 61440K, used 42165K [0x77c00000, 0xb3a00000)
  region size 1024K, 25 young (25600K), 2 survivors (2048K)
 Metaspace       used 19012K, capacity 19509K, committed 19584K, reserved 19760K
}
Event: 19,384 GC heap after
{Heap after GC invocations=6 (full 0):
 garbage-first heap   total 61440K, used 23076K [0x77c00000, 0xb3a00000)
  region size 1024K, 4 young (4096K), 4 survivors (4096K)
 Metaspace       used 19012K, capacity 19509K, committed 19584K, reserved 19760K
}

