# JRE version: OpenJDK Runtime Environment (11.0.9.1+1) (build 11.0.9.1+1-post-Raspbian-1deb10u2)
# Java VM: OpenJDK Server VM (11.0.9.1+1-post-Raspbian-1deb10u2, mixed mode, g1 gc, linux-)
Heap:
 garbage-first heap   total 61440K, used 33937K [0x77c00000, 0xb3a00000)
  region size 1024K, 15 young (15360K), 3 survivors (3072K)
 Metaspace       used 20296K, capacity 20805K, committed 20864K, reserved 21808K
GC Heap History (12 events):
Event: 1,337 GC heap before
{Heap before GC invocations=0 (full 0):
 garbage-first heap   total 61440K, used 14336K [0x77c00000, 0xb3a00000)
  region size 1024K, 14 young (14336K), 0 survivors (0K)
 Metaspace       used 5653K, capacity 5765K, committed 5784K, reserved 6448K
}
Event: 1,348 GC heap after
{Heap after GC invocations=1 (full 0):
 garbage-first heap   total 61440K, used 1788K [0x77c00000, 0xb3a00000)
  region size 1024K, 2 young (2048K), 2 survivors (2048K)
 Metaspace       used 5653K, capacity 5765K, committed 5784K, reserved 6448K
}
Event: 4,240 GC heap before
{Heap before GC invocations=1 (full 0):
 garbage-first heap   total 61440K, used 36604K [0x77c00000, 0xb3a00000)
  region size 1024K, 36 young (36864K), 2 survivors (2048K)
 Metaspace       used 12996K, capacity 13213K, committed 13336K, reserved 13616K
}
Event: 4,265 GC heap after
{Heap after GC invocations=2 (full 0):
 garbage-first heap   total 61440K, used 6403K [0x77c00000, 0xb3a00000)
  region size 1024K, 5 young (5120K), 5 survivors (5120K)
 Metaspace       used 12996K, capacity 13213K, committed 13336K, reserved 13616K
}
Event: 4,360 GC heap before
{Heap before GC invocations=2 (full 0):
 garbage-first heap   total 61440K, used 7427K [0x77c00000, 0xb3a00000)
  region size 1024K, 6 young (6144K), 5 survivors (5120K)
 Metaspace       used 13127K, capacity 13348K, committed 13464K, reserved 13616K
}
Event: 4,376 GC heap after
{Heap after GC invocations=3 (full 0):
 garbage-first heap   total 61440K, used 7360K [0x77c00000, 0xb3a00000)
  region size 1024K, 1 young (1024K), 1 survivors (1024K)
 Metaspace       used 13127K, capacity 13348K, committed 13464K, reserved 13616K
}
Event: 6,102 GC heap before
{Heap before GC invocations=3 (full 0):
 garbage-first heap   total 61440K, used 26816K [0x77c00000, 0xb3a00000)
  region size 1024K, 20 young (20480K), 1 survivors (1024K)
 Metaspace       used 15816K, capacity 16116K, committed 16152K, reserved 16688K
}
Event: 6,109 GC heap after
{Heap after GC invocations=4 (full 0):
 garbage-first heap   total 61440K, used 8613K [0x77c00000, 0xb3a00000)
  region size 1024K, 2 young (2048K), 2 survivors (2048K)
 Metaspace       used 15816K, capacity 16116K, committed 16152K, reserved 16688K
}
Event: 6,236 GC heap before
{Heap before GC invocations=4 (full 0):
 garbage-first heap   total 61440K, used 9637K [0x77c00000, 0xb3a00000)
  region size 1024K, 4 young (4096K), 2 survivors (2048K)
 Metaspace       used 16054K, capacity 16366K, committed 16384K, reserved 16688K
}
Event: 6,245 GC heap after
{Heap after GC invocations=5 (full 0):
 garbage-first heap   total 61440K, used 8910K [0x77c00000, 0xb3a00000)
  region size 1024K, 1 young (1024K), 1 survivors (1024K)
 Metaspace       used 16054K, capacity 16366K, committed 16384K, reserved 16688K
}
Event: 11,906 GC heap before
{Heap before GC invocations=6 (full 0):
 garbage-first heap   total 61440K, used 38606K [0x77c00000, 0xb3a00000)
  region size 1024K, 20 young (20480K), 1 survivors (1024K)
 Metaspace       used 18671K, capacity 19137K, committed 19200K, reserved 19760K
}
Event: 11,934 GC heap after
{Heap after GC invocations=7 (full 0):
 garbage-first heap   total 61440K, used 23697K [0x77c00000, 0xb3a00000)
  region size 1024K, 3 young (3072K), 3 survivors (3072K)
 Metaspace       used 18671K, capacity 19137K, committed 19200K, reserved 19760K
}

