# JRE version: OpenJDK Runtime Environment (11.0.9.1+1) (build 11.0.9.1+1-post-Raspbian-1deb10u2)
# Java VM: OpenJDK Server VM (11.0.9.1+1-post-Raspbian-1deb10u2, mixed mode, g1 gc, linux-)
Heap:
 garbage-first heap   total 61440K, used 39392K [0x77c00000, 0xb3a00000)
  region size 1024K, 20 young (20480K), 4 survivors (4096K)
 Metaspace       used 20116K, capacity 20640K, committed 20736K, reserved 20784K
GC Heap History (10 events):
Event: 1,375 GC heap before
{Heap before GC invocations=0 (full 0):
 garbage-first heap   total 61440K, used 14336K [0x77c00000, 0xb3a00000)
  region size 1024K, 14 young (14336K), 0 survivors (0K)
 Metaspace       used 5653K, capacity 5765K, committed 5784K, reserved 6448K
}
Event: 1,385 GC heap after
{Heap after GC invocations=1 (full 0):
 garbage-first heap   total 61440K, used 1773K [0x77c00000, 0xb3a00000)
  region size 1024K, 2 young (2048K), 2 survivors (2048K)
 Metaspace       used 5653K, capacity 5765K, committed 5784K, reserved 6448K
}
Event: 4,319 GC heap before
{Heap before GC invocations=1 (full 0):
 garbage-first heap   total 61440K, used 36589K [0x77c00000, 0xb3a00000)
  region size 1024K, 36 young (36864K), 2 survivors (2048K)
 Metaspace       used 13012K, capacity 13246K, committed 13336K, reserved 13616K
}
Event: 4,343 GC heap after
{Heap after GC invocations=2 (full 0):
 garbage-first heap   total 61440K, used 6513K [0x77c00000, 0xb3a00000)
  region size 1024K, 5 young (5120K), 5 survivors (5120K)
 Metaspace       used 13012K, capacity 13246K, committed 13336K, reserved 13616K
}
Event: 4,654 GC heap before
{Heap before GC invocations=2 (full 0):
 garbage-first heap   total 61440K, used 10609K [0x77c00000, 0xb3a00000)
  region size 1024K, 9 young (9216K), 5 survivors (5120K)
 Metaspace       used 14066K, capacity 14322K, committed 14360K, reserved 14640K
}
Event: 4,679 GC heap after
{Heap after GC invocations=3 (full 0):
 garbage-first heap   total 61440K, used 7029K [0x77c00000, 0xb3a00000)
  region size 1024K, 1 young (1024K), 1 survivors (1024K)
 Metaspace       used 14066K, capacity 14322K, committed 14360K, reserved 14640K
}
Event: 6,308 GC heap before
{Heap before GC invocations=3 (full 0):
 garbage-first heap   total 61440K, used 23413K [0x77c00000, 0xb3a00000)
  region size 1024K, 19 young (19456K), 1 survivors (1024K)
 Metaspace       used 16056K, capacity 16368K, committed 16384K, reserved 16688K
}
Event: 6,319 GC heap after
{Heap after GC invocations=4 (full 0):
 garbage-first heap   total 61440K, used 8454K [0x77c00000, 0xb3a00000)
  region size 1024K, 2 young (2048K), 2 survivors (2048K)
 Metaspace       used 16056K, capacity 16368K, committed 16384K, reserved 16688K
}
Event: 14,145 GC heap before
{Heap before GC invocations=5 (full 0):
 garbage-first heap   total 61440K, used 42246K [0x77c00000, 0xb3a00000)
  region size 1024K, 25 young (25600K), 2 survivors (2048K)
 Metaspace       used 18505K, capacity 18994K, committed 19072K, reserved 19760K
}
Event: 14,174 GC heap after
{Heap after GC invocations=6 (full 0):
 garbage-first heap   total 61440K, used 24032K [0x77c00000, 0xb3a00000)
  region size 1024K, 4 young (4096K), 4 survivors (4096K)
 Metaspace       used 18505K, capacity 18994K, committed 19072K, reserved 19760K
}

