# JRE version: OpenJDK Runtime Environment (11.0.9.1+1) (build 11.0.9.1+1-post-Raspbian-1deb10u2)
# Java VM: OpenJDK Server VM (11.0.9.1+1-post-Raspbian-1deb10u2, mixed mode, g1 gc, linux-)
Heap:
 garbage-first heap   total 61440K, used 27795K [0x77c00000, 0xb3a00000)
  region size 1024K, 5 young (5120K), 1 survivors (1024K)
 Metaspace       used 19877K, capacity 20369K, committed 20480K, reserved 20784K
GC Heap History (12 events):
Event: 1,353 GC heap before
{Heap before GC invocations=0 (full 0):
 garbage-first heap   total 61440K, used 14336K [0x77c00000, 0xb3a00000)
  region size 1024K, 14 young (14336K), 0 survivors (0K)
 Metaspace       used 5653K, capacity 5765K, committed 5784K, reserved 6448K
}
Event: 1,363 GC heap after
{Heap after GC invocations=1 (full 0):
 garbage-first heap   total 61440K, used 1769K [0x77c00000, 0xb3a00000)
  region size 1024K, 2 young (2048K), 2 survivors (2048K)
 Metaspace       used 5653K, capacity 5765K, committed 5784K, reserved 6448K
}
Event: 4,322 GC heap before
{Heap before GC invocations=1 (full 0):
 garbage-first heap   total 61440K, used 36585K [0x77c00000, 0xb3a00000)
  region size 1024K, 36 young (36864K), 2 survivors (2048K)
 Metaspace       used 13011K, capacity 13214K, committed 13336K, reserved 13616K
}
Event: 4,346 GC heap after
{Heap after GC invocations=2 (full 0):
 garbage-first heap   total 61440K, used 6722K [0x77c00000, 0xb3a00000)
  region size 1024K, 5 young (5120K), 5 survivors (5120K)
 Metaspace       used 13011K, capacity 13214K, committed 13336K, reserved 13616K
}
Event: 4,654 GC heap before
{Heap before GC invocations=2 (full 0):
 garbage-first heap   total 61440K, used 10818K [0x77c00000, 0xb3a00000)
  region size 1024K, 9 young (9216K), 5 survivors (5120K)
 Metaspace       used 14071K, capacity 14290K, committed 14360K, reserved 14640K
}
Event: 4,672 GC heap after
{Heap after GC invocations=3 (full 0):
 garbage-first heap   total 61440K, used 7348K [0x77c00000, 0xb3a00000)
  region size 1024K, 1 young (1024K), 1 survivors (1024K)
 Metaspace       used 14071K, capacity 14290K, committed 14360K, reserved 14640K
}
Event: 6,305 GC heap before
{Heap before GC invocations=3 (full 0):
 garbage-first heap   total 61440K, used 24756K [0x77c00000, 0xb3a00000)
  region size 1024K, 19 young (19456K), 1 survivors (1024K)
 Metaspace       used 16036K, capacity 16366K, committed 16384K, reserved 16688K
}
Event: 6,314 GC heap after
{Heap after GC invocations=4 (full 0):
 garbage-first heap   total 61440K, used 8693K [0x77c00000, 0xb3a00000)
  region size 1024K, 2 young (2048K), 2 survivors (2048K)
 Metaspace       used 16036K, capacity 16366K, committed 16384K, reserved 16688K
}
Event: 16,876 GC heap before
{Heap before GC invocations=5 (full 0):
 garbage-first heap   total 61440K, used 43509K [0x77c00000, 0xb3a00000)
  region size 1024K, 25 young (25600K), 2 survivors (2048K)
 Metaspace       used 19198K, capacity 19703K, committed 19840K, reserved 20784K
}
Event: 16,898 GC heap after
{Heap after GC invocations=6 (full 0):
 garbage-first heap   total 61440K, used 24008K [0x77c00000, 0xb3a00000)
  region size 1024K, 4 young (4096K), 4 survivors (4096K)
 Metaspace       used 19198K, capacity 19703K, committed 19840K, reserved 20784K
}
Event: 129,566 GC heap before
{Heap before GC invocations=6 (full 0):
 garbage-first heap   total 61440K, used 39368K [0x77c00000, 0xb3a00000)
  region size 1024K, 20 young (20480K), 4 survivors (4096K)
 Metaspace       used 19847K, capacity 20337K, committed 20352K, reserved 20784K
}
Event: 129,588 GC heap after
{Heap after GC invocations=7 (full 0):
 garbage-first heap   total 61440K, used 24723K [0x77c00000, 0xb3a00000)
  region size 1024K, 1 young (1024K), 1 survivors (1024K)
 Metaspace       used 19847K, capacity 20337K, committed 20352K, reserved 20784K
}

